2014-11-10 22:37:51 Debug: Notice (8): Undefined index: Grado in [C:\wamp\www\studyweb-elcultural\app\Controller\SeccionesController.php, line 107]
Trace:
SeccionesController::getSeccionesByCurso() - APP\Controller\SeccionesController.php, line 107
ReflectionMethod::invokeArgs() - [internal], line ??
Controller::invokeAction() - CORE\Cake\Controller\Controller.php, line 490
Dispatcher::_invoke() - CORE\Cake\Routing\Dispatcher.php, line 191
Dispatcher::dispatch() - CORE\Cake\Routing\Dispatcher.php, line 165
[main] - APP\webroot\index.php, line 108

2014-11-10 22:37:51 Debug: Notice (8): Undefined variable: secciones in [C:\wamp\www\studyweb-elcultural\app\Controller\SeccionesController.php, line 132]
Trace:
SeccionesController::getSeccionesByCurso() - APP\Controller\SeccionesController.php, line 132
ReflectionMethod::invokeArgs() - [internal], line ??
Controller::invokeAction() - CORE\Cake\Controller\Controller.php, line 490
Dispatcher::_invoke() - CORE\Cake\Routing\Dispatcher.php, line 191
Dispatcher::dispatch() - CORE\Cake\Routing\Dispatcher.php, line 165
[main] - APP\webroot\index.php, line 108

2014-11-10 22:37:52 Debug: Notice (8): Undefined variable: alumnos in [C:\wamp\www\studyweb-elcultural\app\Controller\NotasController.php, line 104]
Trace:
NotasController::getFormNotas() - APP\Controller\NotasController.php, line 104
ReflectionMethod::invokeArgs() - [internal], line ??
Controller::invokeAction() - CORE\Cake\Controller\Controller.php, line 490
Dispatcher::_invoke() - CORE\Cake\Routing\Dispatcher.php, line 191
Dispatcher::dispatch() - CORE\Cake\Routing\Dispatcher.php, line 165
[main] - APP\webroot\index.php, line 108

2014-11-10 23:08:12 Debug: Notice (8): Undefined variable: alumnos in [C:\wamp\www\studyweb-elcultural\app\Controller\AsistenciasController.php, line 102]
Trace:
AsistenciasController::getFormAsistencias() - APP\Controller\AsistenciasController.php, line 102
ReflectionMethod::invokeArgs() - [internal], line ??
Controller::invokeAction() - CORE\Cake\Controller\Controller.php, line 490
Dispatcher::_invoke() - CORE\Cake\Routing\Dispatcher.php, line 191
Dispatcher::dispatch() - CORE\Cake\Routing\Dispatcher.php, line 165
[main] - APP\webroot\index.php, line 108

2014-11-10 23:08:13 Debug: Notice (8): Undefined variable: alumnos in [C:\wamp\www\studyweb-elcultural\app\Controller\AsistenciasController.php, line 102]
Trace:
AsistenciasController::getFormAsistencias() - APP\Controller\AsistenciasController.php, line 102
ReflectionMethod::invokeArgs() - [internal], line ??
Controller::invokeAction() - CORE\Cake\Controller\Controller.php, line 490
Dispatcher::_invoke() - CORE\Cake\Routing\Dispatcher.php, line 191
Dispatcher::dispatch() - CORE\Cake\Routing\Dispatcher.php, line 165
[main] - APP\webroot\index.php, line 108

2014-11-10 23:08:14 Debug: Notice (8): Undefined variable: alumnos in [C:\wamp\www\studyweb-elcultural\app\Controller\AsistenciasController.php, line 102]
Trace:
AsistenciasController::getFormAsistencias() - APP\Controller\AsistenciasController.php, line 102
ReflectionMethod::invokeArgs() - [internal], line ??
Controller::invokeAction() - CORE\Cake\Controller\Controller.php, line 490
Dispatcher::_invoke() - CORE\Cake\Routing\Dispatcher.php, line 191
Dispatcher::dispatch() - CORE\Cake\Routing\Dispatcher.php, line 165
[main] - APP\webroot\index.php, line 108

2014-11-10 23:08:15 Debug: Notice (8): Undefined variable: alumnos in [C:\wamp\www\studyweb-elcultural\app\Controller\AsistenciasController.php, line 102]
Trace:
AsistenciasController::getFormAsistencias() - APP\Controller\AsistenciasController.php, line 102
ReflectionMethod::invokeArgs() - [internal], line ??
Controller::invokeAction() - CORE\Cake\Controller\Controller.php, line 490
Dispatcher::_invoke() - CORE\Cake\Routing\Dispatcher.php, line 191
Dispatcher::dispatch() - CORE\Cake\Routing\Dispatcher.php, line 165
[main] - APP\webroot\index.php, line 108

2014-11-10 23:08:16 Debug: Notice (8): Undefined variable: alumnos in [C:\wamp\www\studyweb-elcultural\app\Controller\AsistenciasController.php, line 102]
Trace:
AsistenciasController::getFormAsistencias() - APP\Controller\AsistenciasController.php, line 102
ReflectionMethod::invokeArgs() - [internal], line ??
Controller::invokeAction() - CORE\Cake\Controller\Controller.php, line 490
Dispatcher::_invoke() - CORE\Cake\Routing\Dispatcher.php, line 191
Dispatcher::dispatch() - CORE\Cake\Routing\Dispatcher.php, line 165
[main] - APP\webroot\index.php, line 108

2014-11-10 23:58:58 Debug: Notice (8): Undefined variable: alumnos in [C:\wamp\www\studyweb-elcultural\app\Controller\AsistenciasController.php, line 102]
Trace:
AsistenciasController::getFormAsistencias() - APP\Controller\AsistenciasController.php, line 102
ReflectionMethod::invokeArgs() - [internal], line ??
Controller::invokeAction() - CORE\Cake\Controller\Controller.php, line 490
Dispatcher::_invoke() - CORE\Cake\Routing\Dispatcher.php, line 191
Dispatcher::dispatch() - CORE\Cake\Routing\Dispatcher.php, line 165
[main] - APP\webroot\index.php, line 108

2014-11-10 23:59:33 Debug: Notice (8): Undefined variable: alumnos in [C:\wamp\www\studyweb-elcultural\app\Controller\AsistenciasController.php, line 102]
Trace:
AsistenciasController::getFormAsistencias() - APP\Controller\AsistenciasController.php, line 102
ReflectionMethod::invokeArgs() - [internal], line ??
Controller::invokeAction() - CORE\Cake\Controller\Controller.php, line 490
Dispatcher::_invoke() - CORE\Cake\Routing\Dispatcher.php, line 191
Dispatcher::dispatch() - CORE\Cake\Routing\Dispatcher.php, line 165
[main] - APP\webroot\index.php, line 108

2014-11-11 05:31:58 Debug: Notice (8): Undefined index: idCurso in [C:\wamp\www\studyweb-elcultural\app\Controller\ReportesController.php, line 39]
Trace:
ReportesController::estadisticasDetalle() - APP\Controller\ReportesController.php, line 39
ReflectionMethod::invokeArgs() - [internal], line ??
Controller::invokeAction() - CORE\Cake\Controller\Controller.php, line 490
Dispatcher::_invoke() - CORE\Cake\Routing\Dispatcher.php, line 191
Dispatcher::dispatch() - CORE\Cake\Routing\Dispatcher.php, line 165
[main] - APP\webroot\index.php, line 108

2014-11-11 05:31:58 Debug: Notice (8): Undefined index: idSeccion in [C:\wamp\www\studyweb-elcultural\app\Controller\ReportesController.php, line 40]
Trace:
ReportesController::estadisticasDetalle() - APP\Controller\ReportesController.php, line 40
ReflectionMethod::invokeArgs() - [internal], line ??
Controller::invokeAction() - CORE\Cake\Controller\Controller.php, line 490
Dispatcher::_invoke() - CORE\Cake\Routing\Dispatcher.php, line 191
Dispatcher::dispatch() - CORE\Cake\Routing\Dispatcher.php, line 165
[main] - APP\webroot\index.php, line 108

2014-11-11 05:31:58 Debug: Notice (8): Undefined index: Seccion in [C:\wamp\www\studyweb-elcultural\app\Controller\ReportesController.php, line 44]
Trace:
ReportesController::estadisticasDetalle() - APP\Controller\ReportesController.php, line 44
ReflectionMethod::invokeArgs() - [internal], line ??
Controller::invokeAction() - CORE\Cake\Controller\Controller.php, line 490
Dispatcher::_invoke() - CORE\Cake\Routing\Dispatcher.php, line 191
Dispatcher::dispatch() - CORE\Cake\Routing\Dispatcher.php, line 165
[main] - APP\webroot\index.php, line 108

2014-11-11 05:31:58 Debug: Notice (8): Undefined index: Docente in [C:\wamp\www\studyweb-elcultural\app\Controller\ReportesController.php, line 79]
Trace:
ReportesController::estadisticasDetalle() - APP\Controller\ReportesController.php, line 79
ReflectionMethod::invokeArgs() - [internal], line ??
Controller::invokeAction() - CORE\Cake\Controller\Controller.php, line 490
Dispatcher::_invoke() - CORE\Cake\Routing\Dispatcher.php, line 191
Dispatcher::dispatch() - CORE\Cake\Routing\Dispatcher.php, line 165
[main] - APP\webroot\index.php, line 108

2014-11-11 05:31:58 Debug: Notice (8): Undefined index: Grado in [C:\wamp\www\studyweb-elcultural\app\Controller\ReportesController.php, line 80]
Trace:
ReportesController::estadisticasDetalle() - APP\Controller\ReportesController.php, line 80
ReflectionMethod::invokeArgs() - [internal], line ??
Controller::invokeAction() - CORE\Cake\Controller\Controller.php, line 490
Dispatcher::_invoke() - CORE\Cake\Routing\Dispatcher.php, line 191
Dispatcher::dispatch() - CORE\Cake\Routing\Dispatcher.php, line 165
[main] - APP\webroot\index.php, line 108

2014-11-11 05:31:58 Debug: Notice (8): Undefined index: Seccion in [C:\wamp\www\studyweb-elcultural\app\Controller\ReportesController.php, line 80]
Trace:
ReportesController::estadisticasDetalle() - APP\Controller\ReportesController.php, line 80
ReflectionMethod::invokeArgs() - [internal], line ??
Controller::invokeAction() - CORE\Cake\Controller\Controller.php, line 490
Dispatcher::_invoke() - CORE\Cake\Routing\Dispatcher.php, line 191
Dispatcher::dispatch() - CORE\Cake\Routing\Dispatcher.php, line 165
[main] - APP\webroot\index.php, line 108

2014-11-11 05:31:58 Debug: Notice (8): Undefined offset: 0 in [C:\wamp\www\studyweb-elcultural\app\Controller\ReportesController.php, line 81]
Trace:
ReportesController::estadisticasDetalle() - APP\Controller\ReportesController.php, line 81
ReflectionMethod::invokeArgs() - [internal], line ??
Controller::invokeAction() - CORE\Cake\Controller\Controller.php, line 490
Dispatcher::_invoke() - CORE\Cake\Routing\Dispatcher.php, line 191
Dispatcher::dispatch() - CORE\Cake\Routing\Dispatcher.php, line 165
[main] - APP\webroot\index.php, line 108

2014-11-11 05:31:59 Debug: Notice (8): Undefined index: idCurso in [C:\wamp\www\studyweb-elcultural\app\Controller\ReportesController.php, line 39]
Trace:
ReportesController::estadisticasDetalle() - APP\Controller\ReportesController.php, line 39
ReflectionMethod::invokeArgs() - [internal], line ??
Controller::invokeAction() - CORE\Cake\Controller\Controller.php, line 490
Dispatcher::_invoke() - CORE\Cake\Routing\Dispatcher.php, line 191
Dispatcher::dispatch() - CORE\Cake\Routing\Dispatcher.php, line 165
[main] - APP\webroot\index.php, line 108

2014-11-11 05:31:59 Debug: Notice (8): Undefined index: idSeccion in [C:\wamp\www\studyweb-elcultural\app\Controller\ReportesController.php, line 40]
Trace:
ReportesController::estadisticasDetalle() - APP\Controller\ReportesController.php, line 40
ReflectionMethod::invokeArgs() - [internal], line ??
Controller::invokeAction() - CORE\Cake\Controller\Controller.php, line 490
Dispatcher::_invoke() - CORE\Cake\Routing\Dispatcher.php, line 191
Dispatcher::dispatch() - CORE\Cake\Routing\Dispatcher.php, line 165
[main] - APP\webroot\index.php, line 108

2014-11-11 05:31:59 Debug: Notice (8): Undefined index: Seccion in [C:\wamp\www\studyweb-elcultural\app\Controller\ReportesController.php, line 44]
Trace:
ReportesController::estadisticasDetalle() - APP\Controller\ReportesController.php, line 44
ReflectionMethod::invokeArgs() - [internal], line ??
Controller::invokeAction() - CORE\Cake\Controller\Controller.php, line 490
Dispatcher::_invoke() - CORE\Cake\Routing\Dispatcher.php, line 191
Dispatcher::dispatch() - CORE\Cake\Routing\Dispatcher.php, line 165
[main] - APP\webroot\index.php, line 108

2014-11-11 05:31:59 Debug: Notice (8): Undefined index: Docente in [C:\wamp\www\studyweb-elcultural\app\Controller\ReportesController.php, line 79]
Trace:
ReportesController::estadisticasDetalle() - APP\Controller\ReportesController.php, line 79
ReflectionMethod::invokeArgs() - [internal], line ??
Controller::invokeAction() - CORE\Cake\Controller\Controller.php, line 490
Dispatcher::_invoke() - CORE\Cake\Routing\Dispatcher.php, line 191
Dispatcher::dispatch() - CORE\Cake\Routing\Dispatcher.php, line 165
[main] - APP\webroot\index.php, line 108

2014-11-11 05:31:59 Debug: Notice (8): Undefined index: Grado in [C:\wamp\www\studyweb-elcultural\app\Controller\ReportesController.php, line 80]
Trace:
ReportesController::estadisticasDetalle() - APP\Controller\ReportesController.php, line 80
ReflectionMethod::invokeArgs() - [internal], line ??
Controller::invokeAction() - CORE\Cake\Controller\Controller.php, line 490
Dispatcher::_invoke() - CORE\Cake\Routing\Dispatcher.php, line 191
Dispatcher::dispatch() - CORE\Cake\Routing\Dispatcher.php, line 165
[main] - APP\webroot\index.php, line 108

2014-11-11 05:31:59 Debug: Notice (8): Undefined index: Seccion in [C:\wamp\www\studyweb-elcultural\app\Controller\ReportesController.php, line 80]
Trace:
ReportesController::estadisticasDetalle() - APP\Controller\ReportesController.php, line 80
ReflectionMethod::invokeArgs() - [internal], line ??
Controller::invokeAction() - CORE\Cake\Controller\Controller.php, line 490
Dispatcher::_invoke() - CORE\Cake\Routing\Dispatcher.php, line 191
Dispatcher::dispatch() - CORE\Cake\Routing\Dispatcher.php, line 165
[main] - APP\webroot\index.php, line 108

2014-11-11 05:31:59 Debug: Notice (8): Undefined offset: 0 in [C:\wamp\www\studyweb-elcultural\app\Controller\ReportesController.php, line 81]
Trace:
ReportesController::estadisticasDetalle() - APP\Controller\ReportesController.php, line 81
ReflectionMethod::invokeArgs() - [internal], line ??
Controller::invokeAction() - CORE\Cake\Controller\Controller.php, line 490
Dispatcher::_invoke() - CORE\Cake\Routing\Dispatcher.php, line 191
Dispatcher::dispatch() - CORE\Cake\Routing\Dispatcher.php, line 165
[main] - APP\webroot\index.php, line 108

2014-11-11 05:33:00 Debug: Notice (8): Undefined index: Periodo in [C:\wamp\www\studyweb-elcultural\app\View\Periodos\get_dias.ctp, line 11]
Trace:
include - APP\View\Periodos\get_dias.ctp, line 11
View::_evaluate() - CORE\Cake\View\View.php, line 948
View::_render() - CORE\Cake\View\View.php, line 910
View::render() - CORE\Cake\View\View.php, line 471
Controller::render() - CORE\Cake\Controller\Controller.php, line 954
Dispatcher::_invoke() - CORE\Cake\Routing\Dispatcher.php, line 198
Dispatcher::dispatch() - CORE\Cake\Routing\Dispatcher.php, line 165
[main] - APP\webroot\index.php, line 108

2014-11-11 05:33:00 Debug: Notice (8): Undefined index: Periodo in [C:\wamp\www\studyweb-elcultural\app\View\Periodos\get_dias.ctp, line 15]
Trace:
include - APP\View\Periodos\get_dias.ctp, line 15
View::_evaluate() - CORE\Cake\View\View.php, line 948
View::_render() - CORE\Cake\View\View.php, line 910
View::render() - CORE\Cake\View\View.php, line 471
Controller::render() - CORE\Cake\Controller\Controller.php, line 954
Dispatcher::_invoke() - CORE\Cake\Routing\Dispatcher.php, line 198
Dispatcher::dispatch() - CORE\Cake\Routing\Dispatcher.php, line 165
[main] - APP\webroot\index.php, line 108

2014-11-11 05:33:00 Debug: Notice (8): Undefined index: Periodo in [C:\wamp\www\studyweb-elcultural\app\View\Periodos\get_dias.ctp, line 19]
Trace:
include - APP\View\Periodos\get_dias.ctp, line 19
View::_evaluate() - CORE\Cake\View\View.php, line 948
View::_render() - CORE\Cake\View\View.php, line 910
View::render() - CORE\Cake\View\View.php, line 471
Controller::render() - CORE\Cake\Controller\Controller.php, line 954
Dispatcher::_invoke() - CORE\Cake\Routing\Dispatcher.php, line 198
Dispatcher::dispatch() - CORE\Cake\Routing\Dispatcher.php, line 165
[main] - APP\webroot\index.php, line 108

2014-11-11 05:33:00 Debug: Notice (8): Undefined index: Periodo in [C:\wamp\www\studyweb-elcultural\app\View\Periodos\get_dias.ctp, line 23]
Trace:
include - APP\View\Periodos\get_dias.ctp, line 23
View::_evaluate() - CORE\Cake\View\View.php, line 948
View::_render() - CORE\Cake\View\View.php, line 910
View::render() - CORE\Cake\View\View.php, line 471
Controller::render() - CORE\Cake\Controller\Controller.php, line 954
Dispatcher::_invoke() - CORE\Cake\Routing\Dispatcher.php, line 198
Dispatcher::dispatch() - CORE\Cake\Routing\Dispatcher.php, line 165
[main] - APP\webroot\index.php, line 108

2014-11-11 05:33:00 Debug: Notice (8): Undefined index: Periodo in [C:\wamp\www\studyweb-elcultural\app\View\Periodos\get_dias.ctp, line 27]
Trace:
include - APP\View\Periodos\get_dias.ctp, line 27
View::_evaluate() - CORE\Cake\View\View.php, line 948
View::_render() - CORE\Cake\View\View.php, line 910
View::render() - CORE\Cake\View\View.php, line 471
Controller::render() - CORE\Cake\Controller\Controller.php, line 954
Dispatcher::_invoke() - CORE\Cake\Routing\Dispatcher.php, line 198
Dispatcher::dispatch() - CORE\Cake\Routing\Dispatcher.php, line 165
[main] - APP\webroot\index.php, line 108

2014-11-11 05:33:00 Debug: Notice (8): Undefined index: Periodo in [C:\wamp\www\studyweb-elcultural\app\View\Periodos\get_dias.ctp, line 31]
Trace:
include - APP\View\Periodos\get_dias.ctp, line 31
View::_evaluate() - CORE\Cake\View\View.php, line 948
View::_render() - CORE\Cake\View\View.php, line 910
View::render() - CORE\Cake\View\View.php, line 471
Controller::render() - CORE\Cake\Controller\Controller.php, line 954
Dispatcher::_invoke() - CORE\Cake\Routing\Dispatcher.php, line 198
Dispatcher::dispatch() - CORE\Cake\Routing\Dispatcher.php, line 165
[main] - APP\webroot\index.php, line 108

2014-11-11 05:33:01 Debug: Notice (8): Undefined index: Periodo in [C:\wamp\www\studyweb-elcultural\app\View\Periodos\get_dias.ctp, line 35]
Trace:
include - APP\View\Periodos\get_dias.ctp, line 35
View::_evaluate() - CORE\Cake\View\View.php, line 948
View::_render() - CORE\Cake\View\View.php, line 910
View::render() - CORE\Cake\View\View.php, line 471
Controller::render() - CORE\Cake\Controller\Controller.php, line 954
Dispatcher::_invoke() - CORE\Cake\Routing\Dispatcher.php, line 198
Dispatcher::dispatch() - CORE\Cake\Routing\Dispatcher.php, line 165
[main] - APP\webroot\index.php, line 108

2014-11-11 05:33:01 Debug: Notice (8): Undefined index: Periodo in [C:\wamp\www\studyweb-elcultural\app\View\Periodos\get_dias.ctp, line 65]
Trace:
include - APP\View\Periodos\get_dias.ctp, line 65
View::_evaluate() - CORE\Cake\View\View.php, line 948
View::_render() - CORE\Cake\View\View.php, line 910
View::render() - CORE\Cake\View\View.php, line 471
Controller::render() - CORE\Cake\Controller\Controller.php, line 954
Dispatcher::_invoke() - CORE\Cake\Routing\Dispatcher.php, line 198
Dispatcher::dispatch() - CORE\Cake\Routing\Dispatcher.php, line 165
[main] - APP\webroot\index.php, line 108

2014-11-11 05:33:01 Debug: Notice (8): Undefined index: Periodo in [C:\wamp\www\studyweb-elcultural\app\View\Periodos\get_dias.ctp, line 81]
Trace:
include - APP\View\Periodos\get_dias.ctp, line 81
View::_evaluate() - CORE\Cake\View\View.php, line 948
View::_render() - CORE\Cake\View\View.php, line 910
View::render() - CORE\Cake\View\View.php, line 471
Controller::render() - CORE\Cake\Controller\Controller.php, line 954
Dispatcher::_invoke() - CORE\Cake\Routing\Dispatcher.php, line 198
Dispatcher::dispatch() - CORE\Cake\Routing\Dispatcher.php, line 165
[main] - APP\webroot\index.php, line 108

2014-11-11 05:33:01 Debug: Notice (8): Undefined index: Periodo in [C:\wamp\www\studyweb-elcultural\app\View\Periodos\get_dias.ctp, line 97]
Trace:
include - APP\View\Periodos\get_dias.ctp, line 97
View::_evaluate() - CORE\Cake\View\View.php, line 948
View::_render() - CORE\Cake\View\View.php, line 910
View::render() - CORE\Cake\View\View.php, line 471
Controller::render() - CORE\Cake\Controller\Controller.php, line 954
Dispatcher::_invoke() - CORE\Cake\Routing\Dispatcher.php, line 198
Dispatcher::dispatch() - CORE\Cake\Routing\Dispatcher.php, line 165
[main] - APP\webroot\index.php, line 108

2014-11-11 05:33:01 Debug: Notice (8): Undefined index: Periodo in [C:\wamp\www\studyweb-elcultural\app\View\Periodos\get_dias.ctp, line 113]
Trace:
include - APP\View\Periodos\get_dias.ctp, line 113
View::_evaluate() - CORE\Cake\View\View.php, line 948
View::_render() - CORE\Cake\View\View.php, line 910
View::render() - CORE\Cake\View\View.php, line 471
Controller::render() - CORE\Cake\Controller\Controller.php, line 954
Dispatcher::_invoke() - CORE\Cake\Routing\Dispatcher.php, line 198
Dispatcher::dispatch() - CORE\Cake\Routing\Dispatcher.php, line 165
[main] - APP\webroot\index.php, line 108

2014-11-11 05:33:01 Debug: Notice (8): Undefined index: Periodo in [C:\wamp\www\studyweb-elcultural\app\View\Periodos\get_dias.ctp, line 129]
Trace:
include - APP\View\Periodos\get_dias.ctp, line 129
View::_evaluate() - CORE\Cake\View\View.php, line 948
View::_render() - CORE\Cake\View\View.php, line 910
View::render() - CORE\Cake\View\View.php, line 471
Controller::render() - CORE\Cake\Controller\Controller.php, line 954
Dispatcher::_invoke() - CORE\Cake\Routing\Dispatcher.php, line 198
Dispatcher::dispatch() - CORE\Cake\Routing\Dispatcher.php, line 165
[main] - APP\webroot\index.php, line 108

2014-11-11 05:33:01 Debug: Notice (8): Undefined index: Periodo in [C:\wamp\www\studyweb-elcultural\app\View\Periodos\get_dias.ctp, line 145]
Trace:
include - APP\View\Periodos\get_dias.ctp, line 145
View::_evaluate() - CORE\Cake\View\View.php, line 948
View::_render() - CORE\Cake\View\View.php, line 910
View::render() - CORE\Cake\View\View.php, line 471
Controller::render() - CORE\Cake\Controller\Controller.php, line 954
Dispatcher::_invoke() - CORE\Cake\Routing\Dispatcher.php, line 198
Dispatcher::dispatch() - CORE\Cake\Routing\Dispatcher.php, line 165
[main] - APP\webroot\index.php, line 108

2014-11-11 05:33:01 Debug: Notice (8): Undefined index: Periodo in [C:\wamp\www\studyweb-elcultural\app\View\Periodos\get_dias.ctp, line 161]
Trace:
include - APP\View\Periodos\get_dias.ctp, line 161
View::_evaluate() - CORE\Cake\View\View.php, line 948
View::_render() - CORE\Cake\View\View.php, line 910
View::render() - CORE\Cake\View\View.php, line 471
Controller::render() - CORE\Cake\Controller\Controller.php, line 954
Dispatcher::_invoke() - CORE\Cake\Routing\Dispatcher.php, line 198
Dispatcher::dispatch() - CORE\Cake\Routing\Dispatcher.php, line 165
[main] - APP\webroot\index.php, line 108

2014-11-12 01:34:26 Debug: Notice (8): Undefined index: Matricula in [C:\wamp\www\studyweb-elcultural\app\Controller\AsistenciasController.php, line 18]
Trace:
AsistenciasController::index() - APP\Controller\AsistenciasController.php, line 18
ReflectionMethod::invokeArgs() - [internal], line ??
Controller::invokeAction() - CORE\Cake\Controller\Controller.php, line 490
Dispatcher::_invoke() - CORE\Cake\Routing\Dispatcher.php, line 191
Dispatcher::dispatch() - CORE\Cake\Routing\Dispatcher.php, line 165
[main] - APP\webroot\index.php, line 108

2014-11-12 01:34:26 Debug: Notice (8): Undefined index: Matricula in [C:\wamp\www\studyweb-elcultural\app\Controller\AlumnosController.php, line 131]
Trace:
AlumnosController::datos() - APP\Controller\AlumnosController.php, line 131
ReflectionMethod::invokeArgs() - [internal], line ??
Controller::invokeAction() - CORE\Cake\Controller\Controller.php, line 490
Dispatcher::_invoke() - CORE\Cake\Routing\Dispatcher.php, line 191
Dispatcher::dispatch() - CORE\Cake\Routing\Dispatcher.php, line 165
Object::requestAction() - CORE\Cake\Core\Object.php, line 106
include - APP\View\Elements\datosAlumno.ctp, line 2
View::_evaluate() - CORE\Cake\View\View.php, line 948
View::_render() - CORE\Cake\View\View.php, line 910
View::_renderElement() - CORE\Cake\View\View.php, line 1213
View::element() - CORE\Cake\View\View.php, line 418
include - APP\View\Layouts\alumno.ctp, line 34
View::_evaluate() - CORE\Cake\View\View.php, line 948
View::_render() - CORE\Cake\View\View.php, line 910
View::renderLayout() - CORE\Cake\View\View.php, line 542
View::render() - CORE\Cake\View\View.php, line 479
Controller::render() - CORE\Cake\Controller\Controller.php, line 954
Dispatcher::_invoke() - CORE\Cake\Routing\Dispatcher.php, line 198
Dispatcher::dispatch() - CORE\Cake\Routing\Dispatcher.php, line 165
[main] - APP\webroot\index.php, line 108

2014-11-12 01:34:26 Debug: Notice (8): Undefined index: idAlumno in [C:\wamp\www\studyweb-elcultural\app\View\Elements\datosAlumno.ctp, line 5]
Trace:
include - APP\View\Elements\datosAlumno.ctp, line 5
View::_evaluate() - CORE\Cake\View\View.php, line 948
View::_render() - CORE\Cake\View\View.php, line 910
View::_renderElement() - CORE\Cake\View\View.php, line 1213
View::element() - CORE\Cake\View\View.php, line 418
include - APP\View\Layouts\alumno.ctp, line 34
View::_evaluate() - CORE\Cake\View\View.php, line 948
View::_render() - CORE\Cake\View\View.php, line 910
View::renderLayout() - CORE\Cake\View\View.php, line 542
View::render() - CORE\Cake\View\View.php, line 479
Controller::render() - CORE\Cake\Controller\Controller.php, line 954
Dispatcher::_invoke() - CORE\Cake\Routing\Dispatcher.php, line 198
Dispatcher::dispatch() - CORE\Cake\Routing\Dispatcher.php, line 165
[main] - APP\webroot\index.php, line 108

2014-11-12 01:34:26 Debug: Notice (8): Undefined index: nombreCompleto in [C:\wamp\www\studyweb-elcultural\app\View\Elements\datosAlumno.ctp, line 6]
Trace:
include - APP\View\Elements\datosAlumno.ctp, line 6
View::_evaluate() - CORE\Cake\View\View.php, line 948
View::_render() - CORE\Cake\View\View.php, line 910
View::_renderElement() - CORE\Cake\View\View.php, line 1213
View::element() - CORE\Cake\View\View.php, line 418
include - APP\View\Layouts\alumno.ctp, line 34
View::_evaluate() - CORE\Cake\View\View.php, line 948
View::_render() - CORE\Cake\View\View.php, line 910
View::renderLayout() - CORE\Cake\View\View.php, line 542
View::render() - CORE\Cake\View\View.php, line 479
Controller::render() - CORE\Cake\Controller\Controller.php, line 954
Dispatcher::_invoke() - CORE\Cake\Routing\Dispatcher.php, line 198
Dispatcher::dispatch() - CORE\Cake\Routing\Dispatcher.php, line 165
[main] - APP\webroot\index.php, line 108

2014-11-12 01:34:28 Debug: Notice (8): Undefined index: Matricula in [C:\wamp\www\studyweb-elcultural\app\Controller\AsistenciasController.php, line 18]
Trace:
AsistenciasController::index() - APP\Controller\AsistenciasController.php, line 18
ReflectionMethod::invokeArgs() - [internal], line ??
Controller::invokeAction() - CORE\Cake\Controller\Controller.php, line 490
Dispatcher::_invoke() - CORE\Cake\Routing\Dispatcher.php, line 191
Dispatcher::dispatch() - CORE\Cake\Routing\Dispatcher.php, line 165
[main] - APP\webroot\index.php, line 108

2014-11-12 01:34:28 Debug: Notice (8): Undefined index: Matricula in [C:\wamp\www\studyweb-elcultural\app\Controller\AlumnosController.php, line 131]
Trace:
AlumnosController::datos() - APP\Controller\AlumnosController.php, line 131
ReflectionMethod::invokeArgs() - [internal], line ??
Controller::invokeAction() - CORE\Cake\Controller\Controller.php, line 490
Dispatcher::_invoke() - CORE\Cake\Routing\Dispatcher.php, line 191
Dispatcher::dispatch() - CORE\Cake\Routing\Dispatcher.php, line 165
Object::requestAction() - CORE\Cake\Core\Object.php, line 106
include - APP\View\Elements\datosAlumno.ctp, line 2
View::_evaluate() - CORE\Cake\View\View.php, line 948
View::_render() - CORE\Cake\View\View.php, line 910
View::_renderElement() - CORE\Cake\View\View.php, line 1213
View::element() - CORE\Cake\View\View.php, line 418
include - APP\View\Layouts\alumno.ctp, line 34
View::_evaluate() - CORE\Cake\View\View.php, line 948
View::_render() - CORE\Cake\View\View.php, line 910
View::renderLayout() - CORE\Cake\View\View.php, line 542
View::render() - CORE\Cake\View\View.php, line 479
Controller::render() - CORE\Cake\Controller\Controller.php, line 954
Dispatcher::_invoke() - CORE\Cake\Routing\Dispatcher.php, line 198
Dispatcher::dispatch() - CORE\Cake\Routing\Dispatcher.php, line 165
[main] - APP\webroot\index.php, line 108

2014-11-12 01:34:28 Debug: Notice (8): Undefined index: idAlumno in [C:\wamp\www\studyweb-elcultural\app\View\Elements\datosAlumno.ctp, line 5]
Trace:
include - APP\View\Elements\datosAlumno.ctp, line 5
View::_evaluate() - CORE\Cake\View\View.php, line 948
View::_render() - CORE\Cake\View\View.php, line 910
View::_renderElement() - CORE\Cake\View\View.php, line 1213
View::element() - CORE\Cake\View\View.php, line 418
include - APP\View\Layouts\alumno.ctp, line 34
View::_evaluate() - CORE\Cake\View\View.php, line 948
View::_render() - CORE\Cake\View\View.php, line 910
View::renderLayout() - CORE\Cake\View\View.php, line 542
View::render() - CORE\Cake\View\View.php, line 479
Controller::render() - CORE\Cake\Controller\Controller.php, line 954
Dispatcher::_invoke() - CORE\Cake\Routing\Dispatcher.php, line 198
Dispatcher::dispatch() - CORE\Cake\Routing\Dispatcher.php, line 165
[main] - APP\webroot\index.php, line 108

2014-11-12 01:34:28 Debug: Notice (8): Undefined index: nombreCompleto in [C:\wamp\www\studyweb-elcultural\app\View\Elements\datosAlumno.ctp, line 6]
Trace:
include - APP\View\Elements\datosAlumno.ctp, line 6
View::_evaluate() - CORE\Cake\View\View.php, line 948
View::_render() - CORE\Cake\View\View.php, line 910
View::_renderElement() - CORE\Cake\View\View.php, line 1213
View::element() - CORE\Cake\View\View.php, line 418
include - APP\View\Layouts\alumno.ctp, line 34
View::_evaluate() - CORE\Cake\View\View.php, line 948
View::_render() - CORE\Cake\View\View.php, line 910
View::renderLayout() - CORE\Cake\View\View.php, line 542
View::render() - CORE\Cake\View\View.php, line 479
Controller::render() - CORE\Cake\Controller\Controller.php, line 954
Dispatcher::_invoke() - CORE\Cake\Routing\Dispatcher.php, line 198
Dispatcher::dispatch() - CORE\Cake\Routing\Dispatcher.php, line 165
[main] - APP\webroot\index.php, line 108

2014-11-12 01:35:21 Debug: Notice (8): Undefined variable: alumnos in [C:\wamp\www\studyweb-elcultural\app\Controller\AsistenciasController.php, line 102]
Trace:
AsistenciasController::getFormAsistencias() - APP\Controller\AsistenciasController.php, line 102
ReflectionMethod::invokeArgs() - [internal], line ??
Controller::invokeAction() - CORE\Cake\Controller\Controller.php, line 490
Dispatcher::_invoke() - CORE\Cake\Routing\Dispatcher.php, line 191
Dispatcher::dispatch() - CORE\Cake\Routing\Dispatcher.php, line 165
[main] - APP\webroot\index.php, line 108

2014-11-12 19:29:21 Notice: Notice (8): Undefined variable: title in [/Applications/XAMPP/xamppfiles/htdocs/studyweb-elcultural/app/View/Layouts/alumno.ctp, line 7]
Trace:
include - APP/View/Layouts/alumno.ctp, line 7
View::_evaluate() - CORE/Cake/View/View.php, line 948
View::_render() - CORE/Cake/View/View.php, line 910
View::renderLayout() - CORE/Cake/View/View.php, line 542
View::render() - CORE/Cake/View/View.php, line 479
Controller::render() - CORE/Cake/Controller/Controller.php, line 954
Dispatcher::_invoke() - CORE/Cake/Routing/Dispatcher.php, line 198
Dispatcher::dispatch() - CORE/Cake/Routing/Dispatcher.php, line 165
[main] - APP/webroot/index.php, line 108

2014-11-12 19:29:24 Notice: Notice (8): Undefined variable: title in [/Applications/XAMPP/xamppfiles/htdocs/studyweb-elcultural/app/View/Layouts/alumno.ctp, line 7]
Trace:
include - APP/View/Layouts/alumno.ctp, line 7
View::_evaluate() - CORE/Cake/View/View.php, line 948
View::_render() - CORE/Cake/View/View.php, line 910
View::renderLayout() - CORE/Cake/View/View.php, line 542
View::render() - CORE/Cake/View/View.php, line 479
Controller::render() - CORE/Cake/Controller/Controller.php, line 954
Dispatcher::_invoke() - CORE/Cake/Routing/Dispatcher.php, line 198
Dispatcher::dispatch() - CORE/Cake/Routing/Dispatcher.php, line 165
[main] - APP/webroot/index.php, line 108

2014-11-12 19:29:25 Notice: Notice (8): Undefined variable: title in [/Applications/XAMPP/xamppfiles/htdocs/studyweb-elcultural/app/View/Layouts/alumno.ctp, line 7]
Trace:
include - APP/View/Layouts/alumno.ctp, line 7
View::_evaluate() - CORE/Cake/View/View.php, line 948
View::_render() - CORE/Cake/View/View.php, line 910
View::renderLayout() - CORE/Cake/View/View.php, line 542
View::render() - CORE/Cake/View/View.php, line 479
Controller::render() - CORE/Cake/Controller/Controller.php, line 954
Dispatcher::_invoke() - CORE/Cake/Routing/Dispatcher.php, line 198
Dispatcher::dispatch() - CORE/Cake/Routing/Dispatcher.php, line 165
[main] - APP/webroot/index.php, line 108

2014-11-12 19:29:26 Notice: Notice (8): Undefined variable: title in [/Applications/XAMPP/xamppfiles/htdocs/studyweb-elcultural/app/View/Layouts/alumno.ctp, line 7]
Trace:
include - APP/View/Layouts/alumno.ctp, line 7
View::_evaluate() - CORE/Cake/View/View.php, line 948
View::_render() - CORE/Cake/View/View.php, line 910
View::renderLayout() - CORE/Cake/View/View.php, line 542
View::render() - CORE/Cake/View/View.php, line 479
Controller::render() - CORE/Cake/Controller/Controller.php, line 954
Dispatcher::_invoke() - CORE/Cake/Routing/Dispatcher.php, line 198
Dispatcher::dispatch() - CORE/Cake/Routing/Dispatcher.php, line 165
[main] - APP/webroot/index.php, line 108

2014-11-12 19:29:26 Notice: Notice (8): Undefined variable: title in [/Applications/XAMPP/xamppfiles/htdocs/studyweb-elcultural/app/View/Layouts/alumno.ctp, line 7]
Trace:
include - APP/View/Layouts/alumno.ctp, line 7
View::_evaluate() - CORE/Cake/View/View.php, line 948
View::_render() - CORE/Cake/View/View.php, line 910
View::renderLayout() - CORE/Cake/View/View.php, line 542
View::render() - CORE/Cake/View/View.php, line 479
Controller::render() - CORE/Cake/Controller/Controller.php, line 954
Dispatcher::_invoke() - CORE/Cake/Routing/Dispatcher.php, line 198
Dispatcher::dispatch() - CORE/Cake/Routing/Dispatcher.php, line 165
[main] - APP/webroot/index.php, line 108

2014-11-12 19:29:40 Notice: Notice (8): Undefined variable: title in [/Applications/XAMPP/xamppfiles/htdocs/studyweb-elcultural/app/View/Layouts/alumno.ctp, line 7]
Trace:
include - APP/View/Layouts/alumno.ctp, line 7
View::_evaluate() - CORE/Cake/View/View.php, line 948
View::_render() - CORE/Cake/View/View.php, line 910
View::renderLayout() - CORE/Cake/View/View.php, line 542
View::render() - CORE/Cake/View/View.php, line 479
Controller::render() - CORE/Cake/Controller/Controller.php, line 954
Dispatcher::_invoke() - CORE/Cake/Routing/Dispatcher.php, line 198
Dispatcher::dispatch() - CORE/Cake/Routing/Dispatcher.php, line 165
[main] - APP/webroot/index.php, line 108

2014-11-12 19:29:40 Notice: Notice (8): Undefined variable: title in [/Applications/XAMPP/xamppfiles/htdocs/studyweb-elcultural/app/View/Layouts/alumno.ctp, line 7]
Trace:
include - APP/View/Layouts/alumno.ctp, line 7
View::_evaluate() - CORE/Cake/View/View.php, line 948
View::_render() - CORE/Cake/View/View.php, line 910
View::renderLayout() - CORE/Cake/View/View.php, line 542
View::render() - CORE/Cake/View/View.php, line 479
Controller::render() - CORE/Cake/Controller/Controller.php, line 954
Dispatcher::_invoke() - CORE/Cake/Routing/Dispatcher.php, line 198
Dispatcher::dispatch() - CORE/Cake/Routing/Dispatcher.php, line 165
[main] - APP/webroot/index.php, line 108

2014-11-13 14:52:46 Notice: Notice (8): Undefined index: idCurso in [/Applications/XAMPP/xamppfiles/htdocs/studyweb-elcultural/app/Controller/ReportesController.php, line 39]
Trace:
ReportesController::estadisticasDetalle() - APP/Controller/ReportesController.php, line 39
ReflectionMethod::invokeArgs() - [internal], line ??
Controller::invokeAction() - CORE/Cake/Controller/Controller.php, line 490
Dispatcher::_invoke() - CORE/Cake/Routing/Dispatcher.php, line 191
Dispatcher::dispatch() - CORE/Cake/Routing/Dispatcher.php, line 165
[main] - APP/webroot/index.php, line 108

2014-11-13 14:52:46 Notice: Notice (8): Undefined index: idSeccion in [/Applications/XAMPP/xamppfiles/htdocs/studyweb-elcultural/app/Controller/ReportesController.php, line 40]
Trace:
ReportesController::estadisticasDetalle() - APP/Controller/ReportesController.php, line 40
ReflectionMethod::invokeArgs() - [internal], line ??
Controller::invokeAction() - CORE/Cake/Controller/Controller.php, line 490
Dispatcher::_invoke() - CORE/Cake/Routing/Dispatcher.php, line 191
Dispatcher::dispatch() - CORE/Cake/Routing/Dispatcher.php, line 165
[main] - APP/webroot/index.php, line 108

2014-11-13 14:52:46 Notice: Notice (8): Undefined index: Seccion in [/Applications/XAMPP/xamppfiles/htdocs/studyweb-elcultural/app/Controller/ReportesController.php, line 44]
Trace:
ReportesController::estadisticasDetalle() - APP/Controller/ReportesController.php, line 44
ReflectionMethod::invokeArgs() - [internal], line ??
Controller::invokeAction() - CORE/Cake/Controller/Controller.php, line 490
Dispatcher::_invoke() - CORE/Cake/Routing/Dispatcher.php, line 191
Dispatcher::dispatch() - CORE/Cake/Routing/Dispatcher.php, line 165
[main] - APP/webroot/index.php, line 108

2014-11-13 14:52:46 Notice: Notice (8): Undefined index: Docente in [/Applications/XAMPP/xamppfiles/htdocs/studyweb-elcultural/app/Controller/ReportesController.php, line 79]
Trace:
ReportesController::estadisticasDetalle() - APP/Controller/ReportesController.php, line 79
ReflectionMethod::invokeArgs() - [internal], line ??
Controller::invokeAction() - CORE/Cake/Controller/Controller.php, line 490
Dispatcher::_invoke() - CORE/Cake/Routing/Dispatcher.php, line 191
Dispatcher::dispatch() - CORE/Cake/Routing/Dispatcher.php, line 165
[main] - APP/webroot/index.php, line 108

2014-11-13 14:52:46 Notice: Notice (8): Undefined index: Grado in [/Applications/XAMPP/xamppfiles/htdocs/studyweb-elcultural/app/Controller/ReportesController.php, line 80]
Trace:
ReportesController::estadisticasDetalle() - APP/Controller/ReportesController.php, line 80
ReflectionMethod::invokeArgs() - [internal], line ??
Controller::invokeAction() - CORE/Cake/Controller/Controller.php, line 490
Dispatcher::_invoke() - CORE/Cake/Routing/Dispatcher.php, line 191
Dispatcher::dispatch() - CORE/Cake/Routing/Dispatcher.php, line 165
[main] - APP/webroot/index.php, line 108

2014-11-13 14:52:46 Notice: Notice (8): Undefined index: Seccion in [/Applications/XAMPP/xamppfiles/htdocs/studyweb-elcultural/app/Controller/ReportesController.php, line 80]
Trace:
ReportesController::estadisticasDetalle() - APP/Controller/ReportesController.php, line 80
ReflectionMethod::invokeArgs() - [internal], line ??
Controller::invokeAction() - CORE/Cake/Controller/Controller.php, line 490
Dispatcher::_invoke() - CORE/Cake/Routing/Dispatcher.php, line 191
Dispatcher::dispatch() - CORE/Cake/Routing/Dispatcher.php, line 165
[main] - APP/webroot/index.php, line 108

2014-11-13 14:52:46 Notice: Notice (8): Undefined offset: 0 in [/Applications/XAMPP/xamppfiles/htdocs/studyweb-elcultural/app/Controller/ReportesController.php, line 81]
Trace:
ReportesController::estadisticasDetalle() - APP/Controller/ReportesController.php, line 81
ReflectionMethod::invokeArgs() - [internal], line ??
Controller::invokeAction() - CORE/Cake/Controller/Controller.php, line 490
Dispatcher::_invoke() - CORE/Cake/Routing/Dispatcher.php, line 191
Dispatcher::dispatch() - CORE/Cake/Routing/Dispatcher.php, line 165
[main] - APP/webroot/index.php, line 108

2014-11-13 15:04:23 Notice: Notice (8): Undefined index: Mensajes in [/Applications/XAMPP/xamppfiles/htdocs/studyweb-elcultural/app/View/Mensajes/get_mensajes.ctp, line 12]
Trace:
include - APP/View/Mensajes/get_mensajes.ctp, line 12
View::_evaluate() - CORE/Cake/View/View.php, line 948
View::_render() - CORE/Cake/View/View.php, line 910
View::render() - CORE/Cake/View/View.php, line 471
Controller::render() - CORE/Cake/Controller/Controller.php, line 954
Dispatcher::_invoke() - CORE/Cake/Routing/Dispatcher.php, line 198
Dispatcher::dispatch() - CORE/Cake/Routing/Dispatcher.php, line 165
[main] - APP/webroot/index.php, line 108

2014-11-13 15:04:48 Notice: Notice (8): Undefined index: Mensajes in [/Applications/XAMPP/xamppfiles/htdocs/studyweb-elcultural/app/View/Mensajes/get_mensajes.ctp, line 12]
Trace:
include - APP/View/Mensajes/get_mensajes.ctp, line 12
View::_evaluate() - CORE/Cake/View/View.php, line 948
View::_render() - CORE/Cake/View/View.php, line 910
View::render() - CORE/Cake/View/View.php, line 471
Controller::render() - CORE/Cake/Controller/Controller.php, line 954
Dispatcher::_invoke() - CORE/Cake/Routing/Dispatcher.php, line 198
Dispatcher::dispatch() - CORE/Cake/Routing/Dispatcher.php, line 165
[main] - APP/webroot/index.php, line 108

2014-11-13 15:25:20 Notice: Notice (8): Undefined index: Seccion in [/Applications/XAMPP/xamppfiles/htdocs/studyweb-elcultural/app/Controller/ReportesController.php, line 44]
Trace:
ReportesController::estadisticasDetalle() - APP/Controller/ReportesController.php, line 44
ReflectionMethod::invokeArgs() - [internal], line ??
Controller::invokeAction() - CORE/Cake/Controller/Controller.php, line 490
Dispatcher::_invoke() - CORE/Cake/Routing/Dispatcher.php, line 191
Dispatcher::dispatch() - CORE/Cake/Routing/Dispatcher.php, line 165
[main] - APP/webroot/index.php, line 108

2014-11-13 15:25:20 Notice: Notice (8): Undefined index: Seccion in [/Applications/XAMPP/xamppfiles/htdocs/studyweb-elcultural/app/Controller/ReportesController.php, line 80]
Trace:
ReportesController::estadisticasDetalle() - APP/Controller/ReportesController.php, line 80
ReflectionMethod::invokeArgs() - [internal], line ??
Controller::invokeAction() - CORE/Cake/Controller/Controller.php, line 490
Dispatcher::_invoke() - CORE/Cake/Routing/Dispatcher.php, line 191
Dispatcher::dispatch() - CORE/Cake/Routing/Dispatcher.php, line 165
[main] - APP/webroot/index.php, line 108

2014-11-13 15:25:20 Notice: Notice (8): Undefined offset: 0 in [/Applications/XAMPP/xamppfiles/htdocs/studyweb-elcultural/app/Controller/ReportesController.php, line 81]
Trace:
ReportesController::estadisticasDetalle() - APP/Controller/ReportesController.php, line 81
ReflectionMethod::invokeArgs() - [internal], line ??
Controller::invokeAction() - CORE/Cake/Controller/Controller.php, line 490
Dispatcher::_invoke() - CORE/Cake/Routing/Dispatcher.php, line 191
Dispatcher::dispatch() - CORE/Cake/Routing/Dispatcher.php, line 165
[main] - APP/webroot/index.php, line 108

2014-11-13 23:35:20 Debug: Notice (8): Undefined index: Seccion in [C:\wamp\www\studyweb-elcultural\app\Controller\ReportesController.php, line 174]
Trace:
ReportesController::notasDetalle() - APP\Controller\ReportesController.php, line 174
ReflectionMethod::invokeArgs() - [internal], line ??
Controller::invokeAction() - CORE\Cake\Controller\Controller.php, line 490
Dispatcher::_invoke() - CORE\Cake\Routing\Dispatcher.php, line 191
Dispatcher::dispatch() - CORE\Cake\Routing\Dispatcher.php, line 165
[main] - APP\webroot\index.php, line 108

2014-11-13 23:35:20 Debug: Notice (8): Undefined variable: reporteNotas in [C:\wamp\www\studyweb-elcultural\app\Controller\ReportesController.php, line 195]
Trace:
ReportesController::notasDetalle() - APP\Controller\ReportesController.php, line 195
ReflectionMethod::invokeArgs() - [internal], line ??
Controller::invokeAction() - CORE\Cake\Controller\Controller.php, line 490
Dispatcher::_invoke() - CORE\Cake\Routing\Dispatcher.php, line 191
Dispatcher::dispatch() - CORE\Cake\Routing\Dispatcher.php, line 165
[main] - APP\webroot\index.php, line 108

2014-11-13 23:35:20 Debug: Notice (8): Undefined variable: reporteNota in [C:\wamp\www\studyweb-elcultural\app\View\Reportes\notas_detalle.ctp, line 4]
Trace:
include - APP\View\Reportes\notas_detalle.ctp, line 4
View::_evaluate() - CORE\Cake\View\View.php, line 948
View::_render() - CORE\Cake\View\View.php, line 910
View::render() - CORE\Cake\View\View.php, line 471
Controller::render() - CORE\Cake\Controller\Controller.php, line 954
Dispatcher::_invoke() - CORE\Cake\Routing\Dispatcher.php, line 198
Dispatcher::dispatch() - CORE\Cake\Routing\Dispatcher.php, line 165
[main] - APP\webroot\index.php, line 108

2014-11-13 23:35:20 Debug: Notice (8): Undefined variable: reporteNota in [C:\wamp\www\studyweb-elcultural\app\View\Reportes\notas_detalle.ctp, line 4]
Trace:
include - APP\View\Reportes\notas_detalle.ctp, line 4
View::_evaluate() - CORE\Cake\View\View.php, line 948
View::_render() - CORE\Cake\View\View.php, line 910
View::render() - CORE\Cake\View\View.php, line 471
Controller::render() - CORE\Cake\Controller\Controller.php, line 954
Dispatcher::_invoke() - CORE\Cake\Routing\Dispatcher.php, line 198
Dispatcher::dispatch() - CORE\Cake\Routing\Dispatcher.php, line 165
[main] - APP\webroot\index.php, line 108

2014-11-13 23:35:47 Debug: Notice (8): Undefined index: Seccion in [C:\wamp\www\studyweb-elcultural\app\Controller\ReportesController.php, line 174]
Trace:
ReportesController::notasDetalle() - APP\Controller\ReportesController.php, line 174
ReflectionMethod::invokeArgs() - [internal], line ??
Controller::invokeAction() - CORE\Cake\Controller\Controller.php, line 490
Dispatcher::_invoke() - CORE\Cake\Routing\Dispatcher.php, line 191
Dispatcher::dispatch() - CORE\Cake\Routing\Dispatcher.php, line 165
[main] - APP\webroot\index.php, line 108

2014-11-13 23:35:47 Debug: Notice (8): Undefined variable: reporteNotas in [C:\wamp\www\studyweb-elcultural\app\Controller\ReportesController.php, line 195]
Trace:
ReportesController::notasDetalle() - APP\Controller\ReportesController.php, line 195
ReflectionMethod::invokeArgs() - [internal], line ??
Controller::invokeAction() - CORE\Cake\Controller\Controller.php, line 490
Dispatcher::_invoke() - CORE\Cake\Routing\Dispatcher.php, line 191
Dispatcher::dispatch() - CORE\Cake\Routing\Dispatcher.php, line 165
[main] - APP\webroot\index.php, line 108

2014-11-13 23:35:47 Debug: Notice (8): Undefined variable: reporteNota in [C:\wamp\www\studyweb-elcultural\app\View\Reportes\notas_detalle.ctp, line 4]
Trace:
include - APP\View\Reportes\notas_detalle.ctp, line 4
View::_evaluate() - CORE\Cake\View\View.php, line 948
View::_render() - CORE\Cake\View\View.php, line 910
View::render() - CORE\Cake\View\View.php, line 471
Controller::render() - CORE\Cake\Controller\Controller.php, line 954
Dispatcher::_invoke() - CORE\Cake\Routing\Dispatcher.php, line 198
Dispatcher::dispatch() - CORE\Cake\Routing\Dispatcher.php, line 165
[main] - APP\webroot\index.php, line 108

2014-11-13 23:35:48 Debug: Notice (8): Undefined index: Seccion in [C:\wamp\www\studyweb-elcultural\app\Controller\ReportesController.php, line 174]
Trace:
ReportesController::notasDetalle() - APP\Controller\ReportesController.php, line 174
ReflectionMethod::invokeArgs() - [internal], line ??
Controller::invokeAction() - CORE\Cake\Controller\Controller.php, line 490
Dispatcher::_invoke() - CORE\Cake\Routing\Dispatcher.php, line 191
Dispatcher::dispatch() - CORE\Cake\Routing\Dispatcher.php, line 165
[main] - APP\webroot\index.php, line 108

2014-11-13 23:35:48 Debug: Notice (8): Undefined variable: reporteNotas in [C:\wamp\www\studyweb-elcultural\app\Controller\ReportesController.php, line 195]
Trace:
ReportesController::notasDetalle() - APP\Controller\ReportesController.php, line 195
ReflectionMethod::invokeArgs() - [internal], line ??
Controller::invokeAction() - CORE\Cake\Controller\Controller.php, line 490
Dispatcher::_invoke() - CORE\Cake\Routing\Dispatcher.php, line 191
Dispatcher::dispatch() - CORE\Cake\Routing\Dispatcher.php, line 165
[main] - APP\webroot\index.php, line 108

2014-11-13 23:35:48 Debug: Notice (8): Undefined variable: reporteNota in [C:\wamp\www\studyweb-elcultural\app\View\Reportes\notas_detalle.ctp, line 4]
Trace:
include - APP\View\Reportes\notas_detalle.ctp, line 4
View::_evaluate() - CORE\Cake\View\View.php, line 948
View::_render() - CORE\Cake\View\View.php, line 910
View::render() - CORE\Cake\View\View.php, line 471
Controller::render() - CORE\Cake\Controller\Controller.php, line 954
Dispatcher::_invoke() - CORE\Cake\Routing\Dispatcher.php, line 198
Dispatcher::dispatch() - CORE\Cake\Routing\Dispatcher.php, line 165
[main] - APP\webroot\index.php, line 108

2014-11-13 23:35:50 Debug: Notice (8): Undefined index: Seccion in [C:\wamp\www\studyweb-elcultural\app\Controller\ReportesController.php, line 213]
Trace:
ReportesController::notasPdf() - APP\Controller\ReportesController.php, line 213
ReflectionMethod::invokeArgs() - [internal], line ??
Controller::invokeAction() - CORE\Cake\Controller\Controller.php, line 490
Dispatcher::_invoke() - CORE\Cake\Routing\Dispatcher.php, line 191
Dispatcher::dispatch() - CORE\Cake\Routing\Dispatcher.php, line 165
[main] - APP\webroot\index.php, line 108

2014-11-13 23:35:50 Debug: Notice (8): Undefined variable: reporteNotas in [C:\wamp\www\studyweb-elcultural\app\Controller\ReportesController.php, line 234]
Trace:
ReportesController::notasPdf() - APP\Controller\ReportesController.php, line 234
ReflectionMethod::invokeArgs() - [internal], line ??
Controller::invokeAction() - CORE\Cake\Controller\Controller.php, line 490
Dispatcher::_invoke() - CORE\Cake\Routing\Dispatcher.php, line 191
Dispatcher::dispatch() - CORE\Cake\Routing\Dispatcher.php, line 165
[main] - APP\webroot\index.php, line 108

